[0630/192812:ERROR:process_reader_win.cc(232)] ReadMemory at 0x68db5a84 of 35 bytes failed: ReadProcessMemory 또는 WriteProcessMemory의 일부 작업만을 마쳤습니다. (0x12B)
[0630/192812:WARNING:pe_image_reader.cc(154)] could not read debug directory from C:\WINDOWS\SYSTEM32\fwbase.dll
[0630/192812:ERROR:process_reader_win.cc(232)] ReadMemory at 0x6caf0000 of 64 bytes failed: ReadProcessMemory 또는 WriteProcessMemory의 일부 작업만을 마쳤습니다. (0x12B)
[0630/192812:WARNING:pe_image_reader.cc(280)] could not read dos header from C:\WINDOWS\SYSTEM32\DAVHLPR.DLL
[0630/192812:ERROR:process_reader_win.cc(232)] ReadMemory at 0x73a10000 of 64 bytes failed: ReadProcessMemory 또는 WriteProcessMemory의 일부 작업만을 마쳤습니다. (0x12B)
[0630/192812:WARNING:pe_image_reader.cc(280)] could not read dos header from C:\WINDOWS\SYSTEM32\IPHLPAPI.DLL
[0630/192812:ERROR:process_reader_win.cc(232)] ReadMemory at 0x6af10000 of 64 bytes failed: ReadProcessMemory 또는 WriteProcessMemory의 일부 작업만을 마쳤습니다. (0x12B)
[0630/192812:WARNING:pe_image_reader.cc(280)] could not read dos header from C:\WINDOWS\SYSTEM32\USP10.dll
[0630/192812:ERROR:process_reader_win.cc(232)] ReadMemory at 0x6dab0000 of 64 bytes failed: ReadProcessMemory 또는 WriteProcessMemory의 일부 작업만을 마쳤습니다. (0x12B)
[0630/192812:WARNING:pe_image_reader.cc(280)] could not read dos header from C:\WINDOWS\SYSTEM32\Secur32.dll
[0630/192812:ERROR:process_reader_win.cc(232)] ReadMemory at 0xf7a0000 of 64 bytes failed: ReadProcessMemory 또는 WriteProcessMemory의 일부 작업만을 마쳤습니다. (0x12B)
[0630/192812:WARNING:pe_image_reader.cc(280)] could not read dos header from C:\Program Files (x86)\Google\Chrome\Application\51.0.2704.103\chrome_child.dll
[0630/192812:ERROR:process_reader_win.cc(232)] ReadMemory at 0x64ca0000 of 64 bytes failed: ReadProcessMemory 또는 WriteProcessMemory의 일부 작업만을 마쳤습니다. (0x12B)
[0630/192812:WARNING:pe_image_reader.cc(280)] could not read dos header from C:\Program Files\AVAST Software\Avast\aswJsFlt.dll
[0630/192812:ERROR:process_reader_win.cc(232)] ReadMemory at 0x73fa0000 of 64 bytes failed: ReadProcessMemory 또는 WriteProcessMemory의 일부 작업만을 마쳤습니다. (0x12B)
[0630/192812:WARNING:pe_image_reader.cc(280)] could not read dos header from C:\WINDOWS\WinSxS\x86_avast.vc110.crt_2036b14a11e83e4a_11.0.60610.1_none_1d37a43bbfe1dc9c\MSVCR110.dll
[0630/192812:ERROR:process_reader_win.cc(232)] ReadMemory at 0x73eb0000 of 64 bytes failed: ReadProcessMemory 또는 WriteProcessMemory의 일부 작업만을 마쳤습니다. (0x12B)
[0630/192812:WARNING:pe_image_reader.cc(280)] could not read dos header from C:\PROGRA~1\AVASTS~1\Avast\aswCmnIS.dll
[0630/192812:ERROR:process_reader_win.cc(232)] ReadMemory at 0x73f10000 of 64 bytes failed: ReadProcessMemory 또는 WriteProcessMemory의 일부 작업만을 마쳤습니다. (0x12B)
[0630/192812:WARNING:pe_image_reader.cc(280)] could not read dos header from C:\WINDOWS\WinSxS\x86_avast.vc110.crt_2036b14a11e83e4a_11.0.60610.1_none_1d37a43bbfe1dc9c\MSVCP110.dll
[0630/192812:ERROR:process_reader_win.cc(232)] ReadMemory at 0x73e80000 of 64 bytes failed: ReadProcessMemory 또는 WriteProcessMemory의 일부 작업만을 마쳤습니다. (0x12B)
[0630/192812:WARNING:pe_image_reader.cc(280)] could not read dos header from C:\PROGRA~1\AVASTS~1\Avast\aswCmnOS.dll
[0630/192812:ERROR:process_reader_win.cc(232)] ReadMemory at 0x74080000 of 64 bytes failed: ReadProcessMemory 또는 WriteProcessMemory의 일부 작업만을 마쳤습니다. (0x12B)
[0630/192812:WARNING:pe_image_reader.cc(280)] could not read dos header from C:\PROGRA~1\AVASTS~1\Avast\aswCmnBS.dll
[0630/192812:ERROR:process_reader_win.cc(232)] ReadMemory at 0x740e0000 of 64 bytes failed: ReadProcessMemory 또는 WriteProcessMemory의 일부 작업만을 마쳤습니다. (0x12B)
[0630/192812:WARNING:pe_image_reader.cc(280)] could not read dos header from C:\PROGRA~1\AVASTS~1\Avast\log.dll
[0630/192812:ERROR:process_reader_win.cc(232)] ReadMemory at 0x738e0000 of 64 bytes failed: ReadProcessMemory 또는 WriteProcessMemory의 일부 작업만을 마쳤습니다. (0x12B)
[0630/192812:WARNING:pe_image_reader.cc(280)] could not read dos header from C:\WINDOWS\SYSTEM32\DNSAPI.dll
[0630/192812:ERROR:process_reader_win.cc(232)] ReadMemory at 0x73cc0000 of 64 bytes failed: ReadProcessMemory 또는 WriteProcessMemory의 일부 작업만을 마쳤습니다. (0x12B)
[0630/192812:WARNING:pe_image_reader.cc(280)] could not read dos header from C:\PROGRA~1\AVASTS~1\Avast\commchannel.dll
[0630/192812:ERROR:process_reader_win.cc(232)] ReadMemory at 0x73360000 of 64 bytes failed: ReadProcessMemory 또는 WriteProcessMemory의 일부 작업만을 마쳤습니다. (0x12B)
[0630/192812:WARNING:pe_image_reader.cc(280)] could not read dos header from C:\PROGRA~1\AVASTS~1\Avast\JsonRpcServer.dll
[0630/192812:ERROR:process_reader_win.cc(232)] ReadMemory at 0x73ca0000 of 64 bytes failed: ReadProcessMemory 또는 WriteProcessMemory의 일부 작업만을 마쳤습니다. (0x12B)
[0630/192812:WARNING:pe_image_reader.cc(280)] could not read dos header from C:\PROGRA~1\AVASTS~1\Avast\avastIP.dll
[0630/192812:ERROR:process_reader_win.cc(232)] ReadMemory at 0x73c80000 of 64 bytes failed: ReadProcessMemory 또는 WriteProcessMemory의 일부 작업만을 마쳤습니다. (0x12B)
[0630/192812:WARNING:pe_image_reader.cc(280)] could not read dos header from C:\PROGRA~1\AVASTS~1\Avast\aswEngLdr.dll
[0630/192812:ERROR:process_reader_win.cc(232)] ReadMemory at 0x72c70000 of 64 bytes failed: ReadProcessMemory 또는 WriteProcessMemory의 일부 작업만을 마쳤습니다. (0x12B)
[0630/192812:WARNING:pe_image_reader.cc(280)] could not read dos header from C:\PROGRA~1\AVASTS~1\Avast\AavmRpch.dll
[0630/192812:ERROR:process_reader_win.cc(232)] ReadMemory at 0x73d60000 of 64 bytes failed: ReadProcessMemory 또는 WriteProcessMemory의 일부 작업만을 마쳤습니다. (0x12B)
[0630/192812:WARNING:pe_image_reader.cc(280)] could not read dos header from C:\WINDOWS\SYSTEM32\WSOCK32.dll
[0630/192812:ERROR:process_reader_win.cc(232)] ReadMemory at 0x73a40000 of 64 bytes failed: ReadProcessMemory 또는 WriteProcessMemory의 일부 작업만을 마쳤습니다. (0x12B)
[0630/192812:WARNING:pe_image_reader.cc(280)] could not read dos header from C:\WINDOWS\SYSTEM32\WININET.dll
[0630/192812:ERROR:process_reader_win.cc(232)] ReadMemory at 0x73d70000 of 64 bytes failed: ReadProcessMemory 또는 WriteProcessMemory의 일부 작업만을 마쳤습니다. (0x12B)
[0630/192812:WARNING:pe_image_reader.cc(280)] could not read dos header from C:\PROGRA~1\AVASTS~1\Avast\ashBase.dll
[0630/192812:ERROR:process_reader_win.cc(232)] ReadMemory at 0x72d70000 of 64 bytes failed: ReadProcessMemory 또는 WriteProcessMemory의 일부 작업만을 마쳤습니다. (0x12B)
[0630/192812:WARNING:pe_image_reader.cc(280)] could not read dos header from C:\PROGRA~1\AVASTS~1\Avast\aswAux.dll
[0630/192812:ERROR:process_reader_win.cc(232)] ReadMemory at 0x72ef0000 of 64 bytes failed: ReadProcessMemory 또는 WriteProcessMemory의 일부 작업만을 마쳤습니다. (0x12B)
[0630/192812:WARNING:pe_image_reader.cc(280)] could not read dos header from C:\PROGRA~1\AVASTS~1\Avast\ashTask.dll
[0630/192812:ERROR:process_reader_win.cc(232)] ReadMemory at 0x72c30000 of 64 bytes failed: ReadProcessMemory 또는 WriteProcessMemory의 일부 작업만을 마쳤습니다. (0x12B)
[0630/192812:WARNING:pe_image_reader.cc(280)] could not read dos header from C:\WINDOWS\SYSTEM32\SRVCLI.DLL
[0630/192812:ERROR:process_reader_win.cc(232)] ReadMemory at 0x72c20000 of 64 bytes failed: ReadProcessMemory 또는 WriteProcessMemory의 일부 작업만을 마쳤습니다. (0x12B)
[0630/192812:WARNING:pe_image_reader.cc(280)] could not read dos header from C:\WINDOWS\SYSTEM32\NETUTILS.DLL
[0630/192812:ERROR:process_reader_win.cc(232)] ReadMemory at 0x73010000 of 64 bytes failed: ReadProcessMemory 또는 WriteProcessMemory의 일부 작업만을 마쳤습니다. (0x12B)
[0630/192812:WARNING:pe_image_reader.cc(280)] could not read dos header from C:\PROGRA~1\AVASTS~1\Avast\Aavm4h.dll
[0630/192812:ERROR:process_reader_win.cc(232)] ReadMemory at 0x62730000 of 64 bytes failed: ReadProcessMemory 또는 WriteProcessMemory의 일부 작업만을 마쳤습니다. (0x12B)
[0630/192812:WARNING:pe_image_reader.cc(280)] could not read dos header from C:\WINDOWS\SYSTEM32\dwrite.dll
[0630/192812:ERROR:process_reader_win.cc(232)] ReadMemory at 0x6cb40000 of 64 bytes failed: ReadProcessMemory 또는 WriteProcessMemory의 일부 작업만을 마쳤습니다. (0x12B)
[0630/192812:WARNING:pe_image_reader.cc(280)] could not read dos header from C:\WINDOWS\system32\apphelp.dll
[0630/192812:ERROR:process_reader_win.cc(232)] ReadMemory at 0x73c70000 of 64 bytes failed: ReadProcessMemory 또는 WriteProcessMemory의 일부 작업만을 마쳤습니다. (0x12B)
[0630/192812:WARNING:pe_image_reader.cc(280)] could not read dos header from C:\WINDOWS\SYSTEM32\VERSION.dll
[0630/192812:ERROR:process_reader_win.cc(232)] ReadMemory at 0x699f0000 of 64 bytes failed: ReadProcessMemory 또는 WriteProcessMemory의 일부 작업만을 마쳤습니다. (0x12B)
[0630/192812:WARNING:pe_image_reader.cc(280)] could not read dos header from C:\WINDOWS\SYSTEM32\WINMMBASE.dll
[0630/192812:ERROR:process_reader_win.cc(232)] ReadMemory at 0x69a20000 of 64 bytes failed: ReadProcessMemory 또는 WriteProcessMemory의 일부 작업만을 마쳤습니다. (0x12B)
[0630/192812:WARNING:pe_image_reader.cc(280)] could not read dos header from C:\WINDOWS\SYSTEM32\WINMM.dll
[0630/192812:ERROR:process_reader_win.cc(232)] ReadMemory at 0x72c50000 of 64 bytes failed: ReadProcessMemory 또는 WriteProcessMemory의 일부 작업만을 마쳤습니다. (0x12B)
[0630/192812:WARNING:pe_image_reader.cc(280)] could not read dos header from C:\WINDOWS\SYSTEM32\USERENV.dll
[0630/192812:ERROR:process_reader_win.cc(232)] ReadMemory at 0x73730000 of 64 bytes failed: ReadProcessMemory 또는 WriteProcessMemory의 일부 작업만을 마쳤습니다. (0x12B)
[0630/192812:WARNING:pe_image_reader.cc(280)] could not read dos header from C:\WINDOWS\SYSTEM32\WTSAPI32.dll
[0630/192812:ERROR:process_reader_win.cc(232)] ReadMemory at 0x73970000 of 64 bytes failed: ReadProcessMemory 또는 WriteProcessMemory의 일부 작업만을 마쳤습니다. (0x12B)
[0630/192812:WARNING:pe_image_reader.cc(280)] could not read dos header from C:\WINDOWS\SYSTEM32\WINHTTP.dll
[0630/192812:ERROR:process_reader_win.cc(232)] ReadMemory at 0x73560000 of 64 bytes failed: ReadProcessMemory 또는 WriteProcessMemory의 일부 작업만을 마쳤습니다. (0x12B)
[0630/192812:WARNING:pe_image_reader.cc(280)] could not read dos header from C:\WINDOWS\SYSTEM32\bcrypt.dll
[0630/192812:ERROR:process_reader_win.cc(232)] ReadMemory at 0x68d40000 of 64 bytes failed: ReadProcessMemory 또는 WriteProcessMemory의 일부 작업만을 마쳤습니다. (0x12B)
[0630/192812:WARNING:pe_image_reader.cc(280)] could not read dos header from C:\WINDOWS\SYSTEM32\WINSPOOL.DRV
[0630/192812:ERROR:process_reader_win.cc(232)] ReadMemory at 0x69fa0000 of 64 bytes failed: ReadProcessMemory 또는 WriteProcessMemory의 일부 작업만을 마쳤습니다. (0x12B)
[0630/192812:WARNING:pe_image_reader.cc(280)] could not read dos header from C:\WINDOWS\WinSxS\x86_microsoft.windows.common-controls_6595b64144ccf1df_6.0.10586.0_none_d3c2e4e965da4528\COMCTL32.dll
[0630/192812:ERROR:process_reader_win.cc(232)] ReadMemory at 0x68db0000 of 64 bytes failed: ReadProcessMemory 또는 WriteProcessMemory의 일부 작업만을 마쳤습니다. (0x12B)
[0630/192812:WARNING:pe_image_reader.cc(280)] could not read dos header from C:\WINDOWS\SYSTEM32\fwbase.dll
[0630/192812:ERROR:process_reader_win.cc(232)] ReadMemory at 0x6caf0000 of 64 bytes failed: ReadProcessMemory 또는 WriteProcessMemory의 일부 작업만을 마쳤습니다. (0x12B)
[0630/192812:WARNING:pe_image_reader.cc(280)] could not read dos header from C:\WINDOWS\SYSTEM32\DAVHLPR.DLL
[0630/192812:ERROR:process_reader_win.cc(232)] ReadMemory at 0x73a10000 of 64 bytes failed: ReadProcessMemory 또는 WriteProcessMemory의 일부 작업만을 마쳤습니다. (0x12B)
[0630/192812:WARNING:pe_image_reader.cc(280)] could not read dos header from C:\WINDOWS\SYSTEM32\IPHLPAPI.DLL
[0630/192812:ERROR:process_reader_win.cc(232)] ReadMemory at 0x6af10000 of 64 bytes failed: ReadProcessMemory 또는 WriteProcessMemory의 일부 작업만을 마쳤습니다. (0x12B)
[0630/192812:WARNING:pe_image_reader.cc(280)] could not read dos header from C:\WINDOWS\SYSTEM32\USP10.dll
[0630/192812:ERROR:process_reader_win.cc(232)] ReadMemory at 0x6dab0000 of 64 bytes failed: ReadProcessMemory 또는 WriteProcessMemory의 일부 작업만을 마쳤습니다. (0x12B)
[0630/192812:WARNING:pe_image_reader.cc(280)] could not read dos header from C:\WINDOWS\SYSTEM32\Secur32.dll
[0630/192812:ERROR:process_reader_win.cc(232)] ReadMemory at 0xf7a0000 of 64 bytes failed: ReadProcessMemory 또는 WriteProcessMemory의 일부 작업만을 마쳤습니다. (0x12B)
[0630/192812:WARNING:pe_image_reader.cc(280)] could not read dos header from C:\Program Files (x86)\Google\Chrome\Application\51.0.2704.103\chrome_child.dll
[0630/192812:ERROR:process_reader_win.cc(232)] ReadMemory at 0x64ca0000 of 64 bytes failed: ReadProcessMemory 또는 WriteProcessMemory의 일부 작업만을 마쳤습니다. (0x12B)
[0630/192812:WARNING:pe_image_reader.cc(280)] could not read dos header from C:\Program Files\AVAST Software\Avast\aswJsFlt.dll
[0630/192812:ERROR:process_reader_win.cc(232)] ReadMemory at 0x73fa0000 of 64 bytes failed: ReadProcessMemory 또는 WriteProcessMemory의 일부 작업만을 마쳤습니다. (0x12B)
[0630/192812:WARNING:pe_image_reader.cc(280)] could not read dos header from C:\WINDOWS\WinSxS\x86_avast.vc110.crt_2036b14a11e83e4a_11.0.60610.1_none_1d37a43bbfe1dc9c\MSVCR110.dll
[0630/192812:ERROR:process_reader_win.cc(232)] ReadMemory at 0x73eb0000 of 64 bytes failed: ReadProcessMemory 또는 WriteProcessMemory의 일부 작업만을 마쳤습니다. (0x12B)
[0630/192812:WARNING:pe_image_reader.cc(280)] could not read dos header from C:\PROGRA~1\AVASTS~1\Avast\aswCmnIS.dll
[0630/192812:ERROR:process_reader_win.cc(232)] ReadMemory at 0x73f10000 of 64 bytes failed: ReadProcessMemory 또는 WriteProcessMemory의 일부 작업만을 마쳤습니다. (0x12B)
[0630/192812:WARNING:pe_image_reader.cc(280)] could not read dos header from C:\WINDOWS\WinSxS\x86_avast.vc110.crt_2036b14a11e83e4a_11.0.60610.1_none_1d37a43bbfe1dc9c\MSVCP110.dll
[0630/192812:ERROR:process_reader_win.cc(232)] ReadMemory at 0x73e80000 of 64 bytes failed: ReadProcessMemory 또는 WriteProcessMemory의 일부 작업만을 마쳤습니다. (0x12B)
[0630/192812:WARNING:pe_image_reader.cc(280)] could not read dos header from C:\PROGRA~1\AVASTS~1\Avast\aswCmnOS.dll
[0630/192812:ERROR:process_reader_win.cc(232)] ReadMemory at 0x74080000 of 64 bytes failed: ReadProcessMemory 또는 WriteProcessMemory의 일부 작업만을 마쳤습니다. (0x12B)
[0630/192812:WARNING:pe_image_reader.cc(280)] could not read dos header from C:\PROGRA~1\AVASTS~1\Avast\aswCmnBS.dll
[0630/192812:ERROR:process_reader_win.cc(232)] ReadMemory at 0x740e0000 of 64 bytes failed: ReadProcessMemory 또는 WriteProcessMemory의 일부 작업만을 마쳤습니다. (0x12B)
[0630/192812:WARNING:pe_image_reader.cc(280)] could not read dos header from C:\PROGRA~1\AVASTS~1\Avast\log.dll
[0630/192812:ERROR:process_reader_win.cc(232)] ReadMemory at 0x738e0000 of 64 bytes failed: ReadProcessMemory 또는 WriteProcessMemory의 일부 작업만을 마쳤습니다. (0x12B)
[0630/192812:WARNING:pe_image_reader.cc(280)] could not read dos header from C:\WINDOWS\SYSTEM32\DNSAPI.dll
[0630/192812:ERROR:process_reader_win.cc(232)] ReadMemory at 0x73cc0000 of 64 bytes failed: ReadProcessMemory 또는 WriteProcessMemory의 일부 작업만을 마쳤습니다. (0x12B)
[0630/192812:WARNING:pe_image_reader.cc(280)] could not read dos header from C:\PROGRA~1\AVASTS~1\Avast\commchannel.dll
[0630/192812:ERROR:process_reader_win.cc(232)] ReadMemory at 0x73360000 of 64 bytes failed: ReadProcessMemory 또는 WriteProcessMemory의 일부 작업만을 마쳤습니다. (0x12B)
[0630/192812:WARNING:pe_image_reader.cc(280)] could not read dos header from C:\PROGRA~1\AVASTS~1\Avast\JsonRpcServer.dll
[0630/192812:ERROR:process_reader_win.cc(232)] ReadMemory at 0x73ca0000 of 64 bytes failed: ReadProcessMemory 또는 WriteProcessMemory의 일부 작업만을 마쳤습니다. (0x12B)
[0630/192812:WARNING:pe_image_reader.cc(280)] could not read dos header from C:\PROGRA~1\AVASTS~1\Avast\avastIP.dll
[0630/192812:ERROR:process_reader_win.cc(232)] ReadMemory at 0x73c80000 of 64 bytes failed: ReadProcessMemory 또는 WriteProcessMemory의 일부 작업만을 마쳤습니다. (0x12B)
[0630/192812:WARNING:pe_image_reader.cc(280)] could not read dos header from C:\PROGRA~1\AVASTS~1\Avast\aswEngLdr.dll
[0630/192812:ERROR:process_reader_win.cc(232)] ReadMemory at 0x72c70000 of 64 bytes failed: ReadProcessMemory 또는 WriteProcessMemory의 일부 작업만을 마쳤습니다. (0x12B)
[0630/192812:WARNING:pe_image_reader.cc(280)] could not read dos header from C:\PROGRA~1\AVASTS~1\Avast\AavmRpch.dll
[0630/192812:ERROR:process_reader_win.cc(232)] ReadMemory at 0x73d60000 of 64 bytes failed: ReadProcessMemory 또는 WriteProcessMemory의 일부 작업만을 마쳤습니다. (0x12B)
[0630/192812:WARNING:pe_image_reader.cc(280)] could not read dos header from C:\WINDOWS\SYSTEM32\WSOCK32.dll
[0630/192812:ERROR:process_reader_win.cc(232)] ReadMemory at 0x73a40000 of 64 bytes failed: ReadProcessMemory 또는 WriteProcessMemory의 일부 작업만을 마쳤습니다. (0x12B)
[0630/192812:WARNING:pe_image_reader.cc(280)] could not read dos header from C:\WINDOWS\SYSTEM32\WININET.dll
[0630/192812:ERROR:process_reader_win.cc(232)] ReadMemory at 0x73d70000 of 64 bytes failed: ReadProcessMemory 또는 WriteProcessMemory의 일부 작업만을 마쳤습니다. (0x12B)
[0630/192812:WARNING:pe_image_reader.cc(280)] could not read dos header from C:\PROGRA~1\AVASTS~1\Avast\ashBase.dll
[0630/192812:ERROR:process_reader_win.cc(232)] ReadMemory at 0x72d70000 of 64 bytes failed: ReadProcessMemory 또는 WriteProcessMemory의 일부 작업만을 마쳤습니다. (0x12B)
[0630/192812:WARNING:pe_image_reader.cc(280)] could not read dos header from C:\PROGRA~1\AVASTS~1\Avast\aswAux.dll
[0630/192812:ERROR:process_reader_win.cc(232)] ReadMemory at 0x72ef0000 of 64 bytes failed: ReadProcessMemory 또는 WriteProcessMemory의 일부 작업만을 마쳤습니다. (0x12B)
[0630/192812:WARNING:pe_image_reader.cc(280)] could not read dos header from C:\PROGRA~1\AVASTS~1\Avast\ashTask.dll
[0630/192812:ERROR:process_reader_win.cc(232)] ReadMemory at 0x72c30000 of 64 bytes failed: ReadProcessMemory 또는 WriteProcessMemory의 일부 작업만을 마쳤습니다. (0x12B)
[0630/192812:WARNING:pe_image_reader.cc(280)] could not read dos header from C:\WINDOWS\SYSTEM32\SRVCLI.DLL
[0630/192812:ERROR:process_reader_win.cc(232)] ReadMemory at 0x72c20000 of 64 bytes failed: ReadProcessMemory 또는 WriteProcessMemory의 일부 작업만을 마쳤습니다. (0x12B)
[0630/192812:WARNING:pe_image_reader.cc(280)] could not read dos header from C:\WINDOWS\SYSTEM32\NETUTILS.DLL
[0630/192812:ERROR:process_reader_win.cc(232)] ReadMemory at 0x73010000 of 64 bytes failed: ReadProcessMemory 또는 WriteProcessMemory의 일부 작업만을 마쳤습니다. (0x12B)
[0630/192812:WARNING:pe_image_reader.cc(280)] could not read dos header from C:\PROGRA~1\AVASTS~1\Avast\Aavm4h.dll
[0630/192812:ERROR:process_reader_win.cc(232)] ReadMemory at 0x62730000 of 64 bytes failed: ReadProcessMemory 또는 WriteProcessMemory의 일부 작업만을 마쳤습니다. (0x12B)
[0630/192812:WARNING:pe_image_reader.cc(280)] could not read dos header from C:\WINDOWS\SYSTEM32\dwrite.dll
[0630/192812:ERROR:process_reader_win.cc(98)] process 47728 not found
[0630/192812:ERROR:process_reader_win.cc(232)] ReadMemory at 0xcc0000 of 64 bytes failed: ReadProcessMemory 또는 WriteProcessMemory의 일부 작업만을 마쳤습니다. (0x12B)
[0630/192812:WARNING:pe_image_reader.cc(280)] could not read dos header from C:\Program Files (x86)\Google\Chrome\Application\chrome.exe
[0630/192812:ERROR:process_reader_win.cc(232)] ReadMemory at 0x773e0000 of 64 bytes failed: ReadProcessMemory 또는 WriteProcessMemory의 일부 작업만을 마쳤습니다. (0x12B)
[0630/192812:WARNING:pe_image_reader.cc(280)] could not read dos header from C:\WINDOWS\SYSTEM32\ntdll.dll
[0630/192812:ERROR:process_reader_win.cc(232)] ReadMemory at 0x76e50000 of 64 bytes failed: ReadProcessMemory 또는 WriteProcessMemory의 일부 작업만을 마쳤습니다. (0x12B)
[0630/192812:WARNING:pe_image_reader.cc(280)] could not read dos header from C:\WINDOWS\SYSTEM32\KERNELBASE.dll
[0630/192812:ERROR:process_reader_win.cc(232)] ReadMemory at 0x762a0000 of 64 bytes failed: ReadProcessMemory 또는 WriteProcessMemory의 일부 작업만을 마쳤습니다. (0x12B)
[0630/192812:WARNING:pe_image_reader.cc(280)] could not read dos header from C:\WINDOWS\SYSTEM32\KERNEL32.dll
[0630/192812:ERROR:process_reader_win.cc(232)] ReadMemory at 0x6cb40000 of 64 bytes failed: ReadProcessMemory 또는 WriteProcessMemory의 일부 작업만을 마쳤습니다. (0x12B)
[0630/192812:WARNING:pe_image_reader.cc(280)] could not read dos header from C:\WINDOWS\system32\apphelp.dll
[0630/192812:ERROR:process_reader_win.cc(232)] ReadMemory at 0x766a0000 of 64 bytes failed: ReadProcessMemory 또는 WriteProcessMemory의 일부 작업만을 마쳤습니다. (0x12B)
[0630/192812:WARNING:pe_image_reader.cc(280)] could not read dos header from C:\WINDOWS\SYSTEM32\msvcrt.dll
[0630/192812:ERROR:process_reader_win.cc(232)] ReadMemory at 0x74ae0000 of 64 bytes failed: ReadProcessMemory 또는 WriteProcessMemory의 일부 작업만을 마쳤습니다. (0x12B)
[0630/192812:WARNING:pe_image_reader.cc(280)] could not read dos header from C:\WINDOWS\SYSTEM32\bcryptPrimitives.dll
[0630/192812:ERROR:process_reader_win.cc(232)] ReadMemory at 0x74100000 of 64 bytes failed: ReadProcessMemory 또는 WriteProcessMemory의 일부 작업만을 마쳤습니다. (0x12B)
[0630/192812:WARNING:pe_image_reader.cc(280)] could not read dos header from C:\WINDOWS\SYSTEM32\CRYPTBASE.dll
[0630/192812:ERROR:process_reader_win.cc(232)] ReadMemory at 0x74110000 of 64 bytes failed: ReadProcessMemory 또는 WriteProcessMemory의 일부 작업만을 마쳤습니다. (0x12B)
[0630/192812:WARNING:pe_image_reader.cc(280)] could not read dos header from C:\WINDOWS\SYSTEM32\SspiCli.dll
[0630/192812:ERROR:process_reader_win.cc(232)] ReadMemory at 0x74df0000 of 64 bytes failed: ReadProcessMemory 또는 WriteProcessMemory의 일부 작업만을 마쳤습니다. (0x12B)
[0630/192812:WARNING:pe_image_reader.cc(280)] could not read dos header from C:\WINDOWS\SYSTEM32\RPCRT4.dll
[0630/192812:ERROR:process_reader_win.cc(232)] ReadMemory at 0x74370000 of 64 bytes failed: ReadProcessMemory 또는 WriteProcessMemory의 일부 작업만을 마쳤습니다. (0x12B)
[0630/192812:WARNING:pe_image_reader.cc(280)] could not read dos header from C:\WINDOWS\SYSTEM32\sechost.dll
[0630/192812:ERROR:process_reader_win.cc(232)] ReadMemory at 0x74870000 of 64 bytes failed: ReadProcessMemory 또는 WriteProcessMemory의 일부 작업만을 마쳤습니다. (0x12B)
[0630/192812:WARNING:pe_image_reader.cc(280)] could not read dos header from C:\WINDOWS\SYSTEM32\ADVAPI32.dll
[0630/192812:ERROR:process_reader_win.cc(232)] ReadMemory at 0x1090000 of 64 bytes failed: ReadProcessMemory 또는 WriteProcessMemory의 일부 작업만을 마쳤습니다. (0x12B)
[0630/192812:WARNING:pe_image_reader.cc(280)] could not read dos header from C:\Program Files (x86)\Google\Chrome\Application\51.0.2704.103\chrome_elf.dll
[0630/192812:ERROR:process_reader_win.cc(232)] ReadMemory at 0x73c70000 of 64 bytes failed: ReadProcessMemory 또는 WriteProcessMemory의 일부 작업만을 마쳤습니다. (0x12B)
[0630/192812:WARNING:pe_image_reader.cc(280)] could not read dos header from C:\WINDOWS\SYSTEM32\VERSION.dll
[0630/192812:ERROR:process_reader_win.cc(232)] ReadMemory at 0x74c30000 of 64 bytes failed: ReadProcessMemory 또는 WriteProcessMemory의 일부 작업만을 마쳤습니다. (0x12B)
[0630/192812:WARNING:pe_image_reader.cc(280)] could not read dos header from C:\WINDOWS\SYSTEM32\cfgmgr32.dll
[0630/192812:ERROR:process_reader_win.cc(232)] ReadMemory at 0x699f0000 of 64 bytes failed: ReadProcessMemory 또는 WriteProcessMemory의 일부 작업만을 마쳤습니다. (0x12B)
[0630/192812:WARNING:pe_image_reader.cc(280)] could not read dos header from C:\WINDOWS\SYSTEM32\WINMMBASE.dll
[0630/192812:ERROR:process_reader_win.cc(232)] ReadMemory at 0x76800000 of 64 bytes failed: ReadProcessMemory 또는 WriteProcessMemory의 일부 작업만을 마쳤습니다. (0x12B)
[0630/192812:WARNING:pe_image_reader.cc(280)] could not read dos header from C:\WINDOWS\SYSTEM32\GDI32.dll
[0630/192812:ERROR:process_reader_win.cc(232)] ReadMemory at 0x74480000 of 64 bytes failed: ReadProcessMemory 또는 WriteProcessMemory의 일부 작업만을 마쳤습니다. (0x12B)
[0630/192812:WARNING:pe_image_reader.cc(280)] could not read dos header from C:\WINDOWS\SYSTEM32\USER32.dll
[0630/192812:ERROR:process_reader_win.cc(232)] ReadMemory at 0x74670000 of 64 bytes failed: ReadProcessMemory 또는 WriteProcessMemory의 일부 작업만을 마쳤습니다. (0x12B)
[0630/192812:WARNING:pe_image_reader.cc(280)] could not read dos header from C:\WINDOWS\SYSTEM32\IMM32.DLL
[0630/192812:ERROR:process_reader_win.cc(232)] ReadMemory at 0x69a20000 of 64 bytes failed: ReadProcessMemory 또는 WriteProcessMemory의 일부 작업만을 마쳤습니다. (0x12B)
[0630/192812:WARNING:pe_image_reader.cc(280)] could not read dos header from C:\WINDOWS\SYSTEM32\WINMM.dll
[0630/192812:ERROR:process_reader_win.cc(232)] ReadMemory at 0x74ad0000 of 64 bytes failed: ReadProcessMemory 또는 WriteProcessMemory의 일부 작업만을 마쳤습니다. (0x12B)
[0630/192812:WARNING:pe_image_reader.cc(280)] could not read dos header from C:\WINDOWS\SYSTEM32\profapi.dll
[0630/192812:ERROR:process_reader_win.cc(232)] ReadMemory at 0x72c50000 of 64 bytes failed: ReadProcessMemory 또는 WriteProcessMemory의 일부 작업만을 마쳤습니다. (0x12B)
[0630/192812:WARNING:pe_image_reader.cc(280)] could not read dos header from C:\WINDOWS\SYSTEM32\USERENV.dll
[0630/192812:ERROR:process_reader_win.cc(232)] ReadMemory at 0x73730000 of 64 bytes failed: ReadProcessMemory 또는 WriteProcessMemory의 일부 작업만을 마쳤습니다. (0x12B)
[0630/192812:WARNING:pe_image_reader.cc(280)] could not read dos header from C:\WINDOWS\SYSTEM32\WTSAPI32.dll
[0630/192812:ERROR:process_reader_win.cc(232)] ReadMemory at 0x73970000 of 64 bytes failed: ReadProcessMemory 또는 WriteProcessMemory의 일부 작업만을 마쳤습니다. (0x12B)
[0630/192812:WARNING:pe_image_reader.cc(280)] could not read dos header from C:\WINDOWS\SYSTEM32\WINHTTP.dll
[0630/192812:ERROR:process_reader_win.cc(232)] ReadMemory at 0x748f0000 of 64 bytes failed: ReadProcessMemory 또는 WriteProcessMemory의 일부 작업만을 마쳤습니다. (0x12B)
[0630/192812:WARNING:pe_image_reader.cc(280)] could not read dos header from C:\WINDOWS\SYSTEM32\combase.dll
[0630/192812:ERROR:process_reader_win.cc(232)] ReadMemory at 0x746a0000 of 64 bytes failed: ReadProcessMemory 또는 WriteProcessMemory의 일부 작업만을 마쳤습니다. (0x12B)
[0630/192812:WARNING:pe_image_reader.cc(280)] could not read dos header from C:\WINDOWS\SYSTEM32\shlwapi.dll
[0630/192812:ERROR:process_reader_win.cc(232)] ReadMemory at 0x74ab0000 of 64 bytes failed: ReadProcessMemory 또는 WriteProcessMemory의 일부 작업만을 마쳤습니다. (0x12B)
[0630/192812:WARNING:pe_image_reader.cc(280)] could not read dos header from C:\WINDOWS\SYSTEM32\kernel.appcore.dll
[0630/192812:ERROR:process_reader_win.cc(232)] ReadMemory at 0x746f0000 of 64 bytes failed: ReadProcessMemory 또는 WriteProcessMemory의 일부 작업만을 마쳤습니다. (0x12B)
[0630/192812:WARNING:pe_image_reader.cc(280)] could not read dos header from C:\WINDOWS\SYSTEM32\shcore.dll
[0630/192812:ERROR:process_reader_win.cc(232)] ReadMemory at 0x76550000 of 64 bytes failed: ReadProcessMemory 또는 WriteProcessMemory의 일부 작업만을 마쳤습니다. (0x12B)
[0630/192812:WARNING:pe_image_reader.cc(280)] could not read dos header from C:\WINDOWS\SYSTEM32\powrprof.dll
[0630/192812:ERROR:process_reader_win.cc(232)] ReadMemory at 0x76950000 of 64 bytes failed: ReadProcessMemory 또는 WriteProcessMemory의 일부 작업만을 마쳤습니다. (0x12B)
[0630/192812:WARNING:pe_image_reader.cc(280)] could not read dos header from C:\WINDOWS\SYSTEM32\windows.storage.dll
[0630/192812:ERROR:process_reader_win.cc(232)] ReadMemory at 0x74ea0000 of 64 bytes failed: ReadProcessMemory 또는 WriteProcessMemory의 일부 작업만을 마쳤습니다. (0x12B)
[0630/192812:WARNING:pe_image_reader.cc(280)] could not read dos header from C:\WINDOWS\SYSTEM32\SHELL32.dll
[0630/192812:ERROR:process_reader_win.cc(232)] ReadMemory at 0x74de0000 of 64 bytes failed: ReadProcessMemory 또는 WriteProcessMemory의 일부 작업만을 마쳤습니다. (0x12B)
[0630/192812:WARNING:pe_image_reader.cc(280)] could not read dos header from C:\WINDOWS\SYSTEM32\PSAPI.DLL
[0630/192812:ERROR:process_reader_win.cc(232)] ReadMemory at 0x73560000 of 64 bytes failed: ReadProcessMemory 또는 WriteProcessMemory의 일부 작업만을 마쳤습니다. (0x12B)
[0630/192812:WARNING:pe_image_reader.cc(280)] could not read dos header from C:\WINDOWS\SYSTEM32\bcrypt.dll
[0630/192812:ERROR:process_reader_win.cc(232)] ReadMemory at 0x68d40000 of 64 bytes failed: ReadProcessMemory 또는 WriteProcessMemory의 일부 작업만을 마쳤습니다. (0x12B)
[0630/192812:WARNING:pe_image_reader.cc(280)] could not read dos header from C:\WINDOWS\SYSTEM32\WINSPOOL.DRV
[0630/192812:ERROR:process_reader_win.cc(232)] ReadMemory at 0x69fa0000 of 64 bytes failed: ReadProcessMemory 또는 WriteProcessMemory의 일부 작업만을 마쳤습니다. (0x12B)
[0630/192812:WARNING:pe_image_reader.cc(280)] could not read dos header from C:\WINDOWS\WinSxS\x86_microsoft.windows.common-controls_6595b64144ccf1df_6.0.10586.0_none_d3c2e4e965da4528\COMCTL32.dll
[0630/192812:ERROR:process_reader_win.cc(232)] ReadMemory at 0x74270000 of 64 bytes failed: ReadProcessMemory 또는 WriteProcessMemory의 일부 작업만을 마쳤습니다. (0x12B)
[0630/192812:WARNING:pe_image_reader.cc(280)] could not read dos header from C:\WINDOWS\SYSTEM32\FirewallAPI.dll
[0630/192812:ERROR:process_reader_win.cc(232)] ReadMemory at 0x68db0000 of 64 bytes failed: ReadProcessMemory 또는 WriteProcessMemory의 일부 작업만을 마쳤습니다. (0x12B)
[0630/192812:WARNING:pe_image_reader.cc(280)] could not read dos header from C:\WINDOWS\SYSTEM32\fwbase.dll
[0630/192812:ERROR:process_reader_win.cc(232)] ReadMemory at 0x74630000 of 64 bytes failed: ReadProcessMemory 또는 WriteProcessMemory의 일부 작업만을 마쳤습니다. (0x12B)
[0630/192812:WARNING:pe_image_reader.cc(280)] could not read dos header from C:\WINDOWS\SYSTEM32\NETAPI32.dll
[0630/192812:ERROR:process_reader_win.cc(232)] ReadMemory at 0x6caf0000 of 64 bytes failed: ReadProcessMemory 또는 WriteProcessMemory의 일부 작업만을 마쳤습니다. (0x12B)
[0630/192812:WARNING:pe_image_reader.cc(280)] could not read dos header from C:\WINDOWS\SYSTEM32\DAVHLPR.DLL
[0630/192812:ERROR:process_reader_win.cc(232)] ReadMemory at 0x765a0000 of 64 bytes failed: ReadProcessMemory 또는 WriteProcessMemory의 일부 작업만을 마쳤습니다. (0x12B)
[0630/192812:WARNING:pe_image_reader.cc(280)] could not read dos header from C:\WINDOWS\SYSTEM32\COMDLG32.dll
[0630/192812:ERROR:process_reader_win.cc(232)] ReadMemory at 0x74780000 of 64 bytes failed: ReadProcessMemory 또는 WriteProcessMemory의 일부 작업만을 마쳤습니다. (0x12B)
[0630/192812:WARNING:pe_image_reader.cc(280)] could not read dos header from C:\WINDOWS\SYSTEM32\ole32.dll
[0630/192812:ERROR:process_reader_win.cc(232)] ReadMemory at 0x76760000 of 64 bytes failed: ReadProcessMemory 또는 WriteProcessMemory의 일부 작업만을 마쳤습니다. (0x12B)
[0630/192812:WARNING:pe_image_reader.cc(280)] could not read dos header from C:\WINDOWS\SYSTEM32\OLEAUT32.dll
[0630/192812:ERROR:process_reader_win.cc(232)] ReadMemory at 0x73a10000 of 64 bytes failed: ReadProcessMemory 또는 WriteProcessMemory의 일부 작업만을 마쳤습니다. (0x12B)
[0630/192812:WARNING:pe_image_reader.cc(280)] could not read dos header from C:\WINDOWS\SYSTEM32\IPHLPAPI.DLL
[0630/192812:ERROR:process_reader_win.cc(232)] ReadMemory at 0x743c0000 of 64 bytes failed: ReadProcessMemory 또는 WriteProcessMemory의 일부 작업만을 마쳤습니다. (0x12B)
[0630/192812:WARNING:pe_image_reader.cc(280)] could not read dos header from C:\WINDOWS\SYSTEM32\WS2_32.dll
[0630/192812:ERROR:process_reader_win.cc(232)] ReadMemory at 0x6af10000 of 64 bytes failed: ReadProcessMemory 또는 WriteProcessMemory의 일부 작업만을 마쳤습니다. (0x12B)
[0630/192812:WARNING:pe_image_reader.cc(280)] could not read dos header from C:\WINDOWS\SYSTEM32\USP10.dll
[0630/192812:ERROR:process_reader_win.cc(232)] ReadMemory at 0x74ac0000 of 64 bytes failed: ReadProcessMemory 또는 WriteProcessMemory의 일부 작업만을 마쳤습니다. (0x12B)
[0630/192812:WARNING:pe_image_reader.cc(280)] could not read dos header from C:\WINDOWS\SYSTEM32\MSASN1.dll
[0630/192812:ERROR:process_reader_win.cc(232)] ReadMemory at 0x76380000 of 64 bytes failed: ReadProcessMemory 또는 WriteProcessMemory의 일부 작업만을 마쳤습니다. (0x12B)
[0630/192812:WARNING:pe_image_reader.cc(280)] could not read dos header from C:\WINDOWS\SYSTEM32\CRYPT32.dll
[0630/192812:ERROR:process_reader_win.cc(232)] ReadMemory at 0x76500000 of 64 bytes failed: ReadProcessMemory 또는 WriteProcessMemory의 일부 작업만을 마쳤습니다. (0x12B)
[0630/192812:WARNING:pe_image_reader.cc(280)] could not read dos header from C:\WINDOWS\SYSTEM32\WINTRUST.dll
[0630/192812:ERROR:process_reader_win.cc(232)] ReadMemory at 0x6dab0000 of 64 bytes failed: ReadProcessMemory 또는 WriteProcessMemory의 일부 작업만을 마쳤습니다. (0x12B)
[0630/192812:WARNING:pe_image_reader.cc(280)] could not read dos header from C:\WINDOWS\SYSTEM32\Secur32.dll
[0630/192812:ERROR:process_reader_win.cc(232)] ReadMemory at 0xf7a0000 of 64 bytes failed: ReadProcessMemory 또는 WriteProcessMemory의 일부 작업만을 마쳤습니다. (0x12B)
[0630/192812:WARNING:pe_image_reader.cc(280)] could not read dos header from C:\Program Files (x86)\Google\Chrome\Application\51.0.2704.103\chrome_child.dll
[0630/192812:ERROR:process_reader_win.cc(232)] ReadMemory at 0x64ca0000 of 64 bytes failed: ReadProcessMemory 또는 WriteProcessMemory의 일부 작업만을 마쳤습니다. (0x12B)
[0630/192812:WARNING:pe_image_reader.cc(280)] could not read dos header from C:\Program Files\AVAST Software\Avast\aswJsFlt.dll
[0630/192812:ERROR:process_reader_win.cc(232)] ReadMemory at 0x73fa0000 of 64 bytes failed: ReadProcessMemory 또는 WriteProcessMemory의 일부 작업만을 마쳤습니다. (0x12B)
[0630/192812:WARNING:pe_image_reader.cc(280)] could not read dos header from C:\WINDOWS\WinSxS\x86_avast.vc110.crt_2036b14a11e83e4a_11.0.60610.1_none_1d37a43bbfe1dc9c\MSVCR110.dll
[0630/192812:ERROR:process_reader_win.cc(232)] ReadMemory at 0x73eb0000 of 64 bytes failed: ReadProcessMemory 또는 WriteProcessMemory의 일부 작업만을 마쳤습니다. (0x12B)
[0630/192812:WARNING:pe_image_reader.cc(280)] could not read dos header from C:\PROGRA~1\AVASTS~1\Avast\aswCmnIS.dll
[0630/192812:ERROR:process_reader_win.cc(232)] ReadMemory at 0x73f10000 of 64 bytes failed: ReadProcessMemory 또는 WriteProcessMemory의 일부 작업만을 마쳤습니다. (0x12B)
[0630/192812:WARNING:pe_image_reader.cc(280)] could not read dos header from C:\WINDOWS\WinSxS\x86_avast.vc110.crt_2036b14a11e83e4a_11.0.60610.1_none_1d37a43bbfe1dc9c\MSVCP110.dll
[0630/192812:ERROR:process_reader_win.cc(232)] ReadMemory at 0x73e80000 of 64 bytes failed: ReadProcessMemory 또는 WriteProcessMemory의 일부 작업만을 마쳤습니다. (0x12B)
[0630/192812:WARNING:pe_image_reader.cc(280)] could not read dos header from C:\PROGRA~1\AVASTS~1\Avast\aswCmnOS.dll
[0630/192812:ERROR:process_reader_win.cc(232)] ReadMemory at 0x74080000 of 64 bytes failed: ReadProcessMemory 또는 WriteProcessMemory의 일부 작업만을 마쳤습니다. (0x12B)
[0630/192812:WARNING:pe_image_reader.cc(280)] could not read dos header from C:\PROGRA~1\AVASTS~1\Avast\aswCmnBS.dll
[0630/192812:ERROR:process_reader_win.cc(232)] ReadMemory at 0x740e0000 of 64 bytes failed: ReadProcessMemory 또는 WriteProcessMemory의 일부 작업만을 마쳤습니다. (0x12B)
[0630/192812:WARNING:pe_image_reader.cc(280)] could not read dos header from C:\PROGRA~1\AVASTS~1\Avast\log.dll
[0630/192812:ERROR:process_reader_win.cc(232)] ReadMemory at 0x74260000 of 64 bytes failed: ReadProcessMemory 또는 WriteProcessMemory의 일부 작업만을 마쳤습니다. (0x12B)
[0630/192812:WARNING:pe_image_reader.cc(280)] could not read dos header from C:\WINDOWS\SYSTEM32\NSI.dll
[0630/192812:ERROR:process_reader_win.cc(232)] ReadMemory at 0x738e0000 of 64 bytes failed: ReadProcessMemory 또는 WriteProcessMemory의 일부 작업만을 마쳤습니다. (0x12B)
[0630/192812:WARNING:pe_image_reader.cc(280)] could not read dos header from C:\WINDOWS\SYSTEM32\DNSAPI.dll
[0630/192812:ERROR:process_reader_win.cc(232)] ReadMemory at 0x73cc0000 of 64 bytes failed: ReadProcessMemory 또는 WriteProcessMemory의 일부 작업만을 마쳤습니다. (0x12B)
[0630/192812:WARNING:pe_image_reader.cc(280)] could not read dos header from C:\PROGRA~1\AVASTS~1\Avast\commchannel.dll
[0630/192812:ERROR:process_reader_win.cc(232)] ReadMemory at 0x73360000 of 64 bytes failed: ReadProcessMemory 또는 WriteProcessMemory의 일부 작업만을 마쳤습니다. (0x12B)
[0630/192812:WARNING:pe_image_reader.cc(280)] could not read dos header from C:\PROGRA~1\AVASTS~1\Avast\JsonRpcServer.dll
[0630/192812:ERROR:process_reader_win.cc(232)] ReadMemory at 0x73ca0000 of 64 bytes failed: ReadProcessMemory 또는 WriteProcessMemory의 일부 작업만을 마쳤습니다. (0x12B)
[0630/192812:WARNING:pe_image_reader.cc(280)] could not read dos header from C:\PROGRA~1\AVASTS~1\Avast\avastIP.dll
[0630/192812:ERROR:process_reader_win.cc(232)] ReadMemory at 0x73c80000 of 64 bytes failed: ReadProcessMemory 또는 WriteProcessMemory의 일부 작업만을 마쳤습니다. (0x12B)
[0630/192812:WARNING:pe_image_reader.cc(280)] could not read dos header from C:\PROGRA~1\AVASTS~1\Avast\aswEngLdr.dll
[0630/192812:ERROR:process_reader_win.cc(232)] ReadMemory at 0x72c70000 of 64 bytes failed: ReadProcessMemory 또는 WriteProcessMemory의 일부 작업만을 마쳤습니다. (0x12B)
[0630/192812:WARNING:pe_image_reader.cc(280)] could not read dos header from C:\PROGRA~1\AVASTS~1\Avast\AavmRpch.dll
[0630/192812:ERROR:process_reader_win.cc(232)] ReadMemory at 0x73d60000 of 64 bytes failed: ReadProcessMemory 또는 WriteProcessMemory의 일부 작업만을 마쳤습니다. (0x12B)
[0630/192812:WARNING:pe_image_reader.cc(280)] could not read dos header from C:\WINDOWS\SYSTEM32\WSOCK32.dll
[0630/192812:ERROR:process_reader_win.cc(232)] ReadMemory at 0x76fd0000 of 64 bytes failed: ReadProcessMemory 또는 WriteProcessMemory의 일부 작업만을 마쳤습니다. (0x12B)
[0630/192812:WARNING:pe_image_reader.cc(280)] could not read dos header from C:\WINDOWS\SYSTEM32\SETUPAPI.dll
[0630/192812:ERROR:process_reader_win.cc(232)] ReadMemory at 0x73a40000 of 64 bytes failed: ReadProcessMemory 또는 WriteProcessMemory의 일부 작업만을 마쳤습니다. (0x12B)
[0630/192812:WARNING:pe_image_reader.cc(280)] could not read dos header from C:\WINDOWS\SYSTEM32\WININET.dll
[0630/192812:ERROR:process_reader_win.cc(232)] ReadMemory at 0x73d70000 of 64 bytes failed: ReadProcessMemory 또는 WriteProcessMemory의 일부 작업만을 마쳤습니다. (0x12B)
[0630/192812:WARNING:pe_image_reader.cc(280)] could not read dos header from C:\PROGRA~1\AVASTS~1\Avast\ashBase.dll
[0630/192812:ERROR:process_reader_win.cc(232)] ReadMemory at 0x72d70000 of 64 bytes failed: ReadProcessMemory 또는 WriteProcessMemory의 일부 작업만을 마쳤습니다. (0x12B)
[0630/192812:WARNING:pe_image_reader.cc(280)] could not read dos header from C:\PROGRA~1\AVASTS~1\Avast\aswAux.dll
[0630/192812:ERROR:process_reader_win.cc(232)] ReadMemory at 0x72ef0000 of 64 bytes failed: ReadProcessMemory 또는 WriteProcessMemory의 일부 작업만을 마쳤습니다. (0x12B)
[0630/192812:WARNING:pe_image_reader.cc(280)] could not read dos header from C:\PROGRA~1\AVASTS~1\Avast\ashTask.dll
[0630/192812:ERROR:process_reader_win.cc(232)] ReadMemory at 0x72c30000 of 64 bytes failed: ReadProcessMemory 또는 WriteProcessMemory의 일부 작업만을 마쳤습니다. (0x12B)
[0630/192812:WARNING:pe_image_reader.cc(280)] could not read dos header from C:\WINDOWS\SYSTEM32\SRVCLI.DLL
[0630/192812:ERROR:process_reader_win.cc(232)] ReadMemory at 0x72c20000 of 64 bytes failed: ReadProcessMemory 또는 WriteProcessMemory의 일부 작업만을 마쳤습니다. (0x12B)
[0630/192812:WARNING:pe_image_reader.cc(280)] could not read dos header from C:\WINDOWS\SYSTEM32\NETUTILS.DLL
[0630/192812:ERROR:process_reader_win.cc(232)] ReadMemory at 0x73010000 of 64 bytes failed: ReadProcessMemory 또는 WriteProcessMemory의 일부 작업만을 마쳤습니다. (0x12B)
[0630/192812:WARNING:pe_image_reader.cc(280)] could not read dos header from C:\PROGRA~1\AVASTS~1\Avast\Aavm4h.dll
[0630/192812:ERROR:process_reader_win.cc(232)] ReadMemory at 0x62730000 of 64 bytes failed: ReadProcessMemory 또는 WriteProcessMemory의 일부 작업만을 마쳤습니다. (0x12B)
[0630/192812:WARNING:pe_image_reader.cc(280)] could not read dos header from C:\WINDOWS\SYSTEM32\dwrite.dll
[0630/192812:ERROR:process_reader_win.cc(232)] ReadMemory at 0xd7c374 of 12 bytes failed: ReadProcessMemory 또는 WriteProcessMemory의 일부 작업만을 마쳤습니다. (0x12B)
[0630/192812:WARNING:process_snapshot_win.cc(102)] ReadMemory ExceptionInformation failed
[0630/192812:WARNING:crash_report_exception_handler.cc(60)] ProcessSnapshotWin::InitializeException failed
[0630/192812:ERROR:scoped_process_suspend.cc(38)] NtResumeProcess, ntstatus=-1073741558
